<?xml version="1.0" encoding="UTF-8"?>
<!-- Generated by org.testng.reporters.JUnitXMLReporter -->
<testsuite ignored="2" hostname="Aqib-Mehmood" failures="0" tests="1" name="Default test" time="118.489" errors="0" timestamp="2023-03-16T17:06:08 PKT">
  <testcase classname="com.sonarwallet.qa.testcases.EditTokenTest" name="TestCase16" time="87.437"/>
  <testcase classname="com.sonarwallet.qa.testcases.EditTokenTest" name="TestCase17_with_eth" time="0.0">
    <ignored/>
  </testcase> <!-- TestCase17_with_eth -->
  <testcase classname="com.sonarwallet.qa.testcases.EditTokenTest" name="TestCase17_with_BnB" time="0.0">
    <ignored/>
  </testcase> <!-- TestCase17_with_BnB -->
</testsuite> <!-- Default test -->
