<?xml version="1.0" encoding="UTF-8"?>
<!-- Generated by org.testng.reporters.JUnitXMLReporter -->
<testsuite ignored="0" hostname="Aqib-Mehmood" failures="0" tests="48" name="Sonar Wallet Test Cases" time="2357.348" errors="0" timestamp="2023-03-16T17:46:17 PKT">
  <testcase classname="com.sonarwallet.qa.testcases.SendTest" name="TestCase18" time="5.708"/>
  <testcase classname="com.sonarwallet.qa.testcases.SendTest" name="TestCase19" time="20.098"/>
  <testcase classname="com.sonarwallet.qa.testcases.SendTest" name="TestCase39" time="5.754"/>
  <testcase classname="com.sonarwallet.qa.testcases.SendTest" name="TestCase40" time="8.471"/>
  <testcase classname="com.sonarwallet.qa.testcases.DirectSendTest" name="TestCase11" time="21.094"/>
  <testcase classname="com.sonarwallet.qa.testcases.DirectSendTest" name="TestCase20_1" time="69.427"/>
  <testcase classname="com.sonarwallet.qa.testcases.DirectSendTest" name="TestCase20_10" time="58.029"/>
  <testcase classname="com.sonarwallet.qa.testcases.DirectSendTest" name="TestCase20_11" time="46.012"/>
  <testcase classname="com.sonarwallet.qa.testcases.DirectSendTest" name="TestCase20_12" time="57.265"/>
  <testcase classname="com.sonarwallet.qa.testcases.DirectSendTest" name="TestCase20_2" time="91.658"/>
  <testcase classname="com.sonarwallet.qa.testcases.DirectSendTest" name="TestCase20_3" time="76.45"/>
  <testcase classname="com.sonarwallet.qa.testcases.DirectSendTest" name="TestCase20_4" time="161.269"/>
  <testcase classname="com.sonarwallet.qa.testcases.DirectSendTest" name="TestCase20_5" time="77.954"/>
  <testcase classname="com.sonarwallet.qa.testcases.DirectSendTest" name="TestCase20_6" time="75.662"/>
  <testcase classname="com.sonarwallet.qa.testcases.DirectSendTest" name="TestCase20_7" time="43.738"/>
  <testcase classname="com.sonarwallet.qa.testcases.DirectSendTest" name="TestCase20_8" time="55.269"/>
  <testcase classname="com.sonarwallet.qa.testcases.DirectSendTest" name="TestCase20_9" time="42.945"/>
  <testcase classname="com.sonarwallet.qa.testcases.DirectSendTest" name="TestCase21" time="41.586"/>
  <testcase classname="com.sonarwallet.qa.testcases.CreateWalletTest" name="TestCase1" time="6.019"/>
  <testcase classname="com.sonarwallet.qa.testcases.CreateWalletTest" name="TestCase2_1" time="4.222"/>
  <testcase classname="com.sonarwallet.qa.testcases.CreateWalletTest" name="TestCase2_2" time="4.21"/>
  <testcase classname="com.sonarwallet.qa.testcases.CreateWalletTest" name="TestCase2_3" time="4.928"/>
  <testcase classname="com.sonarwallet.qa.testcases.CreateWalletTest" name="TestCase3" time="12.688"/>
  <testcase classname="com.sonarwallet.qa.testcases.CreateWalletTest" name="TestCase4" time="68.898">
    <skipped/>
  </testcase> <!-- TestCase4 -->
  <testcase classname="com.sonarwallet.qa.testcases.CreateWalletTest" name="TestCase4" time="9.84"/>
  <testcase classname="com.sonarwallet.qa.testcases.ImportWalletTest" name="TestCase5" time="12.182"/>
  <testcase classname="com.sonarwallet.qa.testcases.ImportWalletTest" name="TestCase6" time="8.471"/>
  <testcase classname="com.sonarwallet.qa.testcases.DashboardTest" name="TestCase09" time="0.346"/>
  <testcase classname="com.sonarwallet.qa.testcases.DashboardTest" name="TestCase10" time="2.205">
    <skipped/>
  </testcase> <!-- TestCase10 -->
  <testcase classname="com.sonarwallet.qa.testcases.DashboardTest" name="TestCase10" time="2.374"/>
  <testcase classname="com.sonarwallet.qa.testcases.DashboardTest" name="TestCase26" time="2.153"/>
  <testcase classname="com.sonarwallet.qa.testcases.SettingTest" name="TestCase27" time="0.478"/>
  <testcase classname="com.sonarwallet.qa.testcases.EditTokenTest" name="TestCase16" time="87.335"/>
  <testcase classname="com.sonarwallet.qa.testcases.EditTokenTest" name="TestCase17_with_BnB" time="41.838"/>
  <testcase classname="com.sonarwallet.qa.testcases.EditTokenTest" name="TestCase17_with_eth" time="35.591"/>
  <testcase classname="com.sonarwallet.qa.testcases.CreateNewWalletTest" name="CreateNewWalletHappyFlow" time="68.366">
    <skipped/>
  </testcase> <!-- CreateNewWalletHappyFlow -->
  <testcase classname="com.sonarwallet.qa.testcases.CreateNewWalletTest" name="CreateNewWalletHappyFlow" time="7.961"/>
  <testcase classname="com.sonarwallet.qa.testcases.CreateNewWalletTest" name="TestCase38" time="9.09"/>
  <testcase classname="com.sonarwallet.qa.testcases.ManageWalletTest" name="TestCase28" time="2.938"/>
  <testcase classname="com.sonarwallet.qa.testcases.ManageWalletTest" name="TestCase29" time="1.974"/>
  <testcase classname="com.sonarwallet.qa.testcases.ManageWalletTest" name="TestCase30" time="2.312"/>
  <testcase classname="com.sonarwallet.qa.testcases.ManageWalletTest" name="TestCase31" time="1.29"/>
  <testcase classname="com.sonarwallet.qa.testcases.ManageWalletTest" name="TestCase32" time="1.127"/>
  <testcase classname="com.sonarwallet.qa.testcases.ManageWalletTest" name="TestCase33" time="2.639"/>
  <testcase classname="com.sonarwallet.qa.testcases.ManageWalletTest" name="TestCase34" time="7.713"/>
  <testcase classname="com.sonarwallet.qa.testcases.ManageWalletTest" name="TestCase35" time="9.781"/>
  <testcase classname="com.sonarwallet.qa.testcases.ManageWalletTest" name="TestCase36" time="4.033"/>
  <testcase classname="com.sonarwallet.qa.testcases.ManageWalletTest" name="TestCase37" time="5.104"/>
</testsuite> <!-- Sonar Wallet Test Cases -->
